<?xml version="1.0" encoding="UTF-8"?>
<testsuite xmlns:xsi="http://www.w3.org/2001/XMLSchema-instance" xsi:noNamespaceSchemaLocation="https://maven.apache.org/surefire/maven-surefire-plugin/xsd/surefire-test-report.xsd" name="DataPrep.DataPrep.AppTest" time="0.111" tests="0" errors="0" skipped="0" failures="0">
  <properties>
    <property name="sun.desktop" value="gnome"/>
    <property name="awt.toolkit" value="sun.awt.X11.XToolkit"/>
    <property name="java.specification.version" value="11"/>
    <property name="sun.cpu.isalist" value=""/>
    <property name="sun.jnu.encoding" value="UTF-8"/>
    <property name="java.class.path" value="/home/local/ZOHOCORP/maya-con747/eclipse-workspace/DataPrep/target/test-classes:/home/local/ZOHOCORP/maya-con747/eclipse-workspace/DataPrep/target/classes:/home/local/ZOHOCORP/maya-con747/.m2/repository/org/testng/testng/6.10/testng-6.10.jar:/home/local/ZOHOCORP/maya-con747/.m2/repository/com/beust/jcommander/1.48/jcommander-1.48.jar:/home/local/ZOHOCORP/maya-con747/.m2/repository/org/seleniumhq/selenium/selenium-java/3.141.59/selenium-java-3.141.59.jar:/home/local/ZOHOCORP/maya-con747/.m2/repository/org/seleniumhq/selenium/selenium-api/3.141.59/selenium-api-3.141.59.jar:/home/local/ZOHOCORP/maya-con747/.m2/repository/org/seleniumhq/selenium/selenium-chrome-driver/3.141.59/selenium-chrome-driver-3.141.59.jar:/home/local/ZOHOCORP/maya-con747/.m2/repository/org/seleniumhq/selenium/selenium-edge-driver/3.141.59/selenium-edge-driver-3.141.59.jar:/home/local/ZOHOCORP/maya-con747/.m2/repository/org/seleniumhq/selenium/selenium-firefox-driver/3.141.59/selenium-firefox-driver-3.141.59.jar:/home/local/ZOHOCORP/maya-con747/.m2/repository/org/seleniumhq/selenium/selenium-ie-driver/3.141.59/selenium-ie-driver-3.141.59.jar:/home/local/ZOHOCORP/maya-con747/.m2/repository/org/seleniumhq/selenium/selenium-opera-driver/3.141.59/selenium-opera-driver-3.141.59.jar:/home/local/ZOHOCORP/maya-con747/.m2/repository/org/seleniumhq/selenium/selenium-remote-driver/3.141.59/selenium-remote-driver-3.141.59.jar:/home/local/ZOHOCORP/maya-con747/.m2/repository/org/seleniumhq/selenium/selenium-safari-driver/3.141.59/selenium-safari-driver-3.141.59.jar:/home/local/ZOHOCORP/maya-con747/.m2/repository/org/seleniumhq/selenium/selenium-support/3.141.59/selenium-support-3.141.59.jar:/home/local/ZOHOCORP/maya-con747/.m2/repository/net/bytebuddy/byte-buddy/1.8.15/byte-buddy-1.8.15.jar:/home/local/ZOHOCORP/maya-con747/.m2/repository/org/apache/commons/commons-exec/1.3/commons-exec-1.3.jar:/home/local/ZOHOCORP/maya-con747/.m2/repository/com/google/guava/guava/25.0-jre/guava-25.0-jre.jar:/home/local/ZOHOCORP/maya-con747/.m2/repository/com/google/code/findbugs/jsr305/1.3.9/jsr305-1.3.9.jar:/home/local/ZOHOCORP/maya-con747/.m2/repository/org/checkerframework/checker-compat-qual/2.0.0/checker-compat-qual-2.0.0.jar:/home/local/ZOHOCORP/maya-con747/.m2/repository/com/google/errorprone/error_prone_annotations/2.1.3/error_prone_annotations-2.1.3.jar:/home/local/ZOHOCORP/maya-con747/.m2/repository/com/google/j2objc/j2objc-annotations/1.1/j2objc-annotations-1.1.jar:/home/local/ZOHOCORP/maya-con747/.m2/repository/org/codehaus/mojo/animal-sniffer-annotations/1.14/animal-sniffer-annotations-1.14.jar:/home/local/ZOHOCORP/maya-con747/.m2/repository/com/squareup/okhttp3/okhttp/3.11.0/okhttp-3.11.0.jar:/home/local/ZOHOCORP/maya-con747/.m2/repository/com/squareup/okio/okio/1.14.0/okio-1.14.0.jar:/home/local/ZOHOCORP/maya-con747/.m2/repository/log4j/log4j/1.2.17/log4j-1.2.17.jar:/home/local/ZOHOCORP/maya-con747/.m2/repository/ru/yandex/qatools/ashot/ashot/1.5.4/ashot-1.5.4.jar:/home/local/ZOHOCORP/maya-con747/.m2/repository/commons-io/commons-io/2.5/commons-io-2.5.jar:/home/local/ZOHOCORP/maya-con747/.m2/repository/com/google/code/gson/gson/2.6.2/gson-2.6.2.jar:/home/local/ZOHOCORP/maya-con747/.m2/repository/org/hamcrest/hamcrest-core/1.3/hamcrest-core-1.3.jar:"/>
    <property name="java.vm.vendor" value="Ubuntu"/>
    <property name="sun.arch.data.model" value="64"/>
    <property name="java.vendor.url" value="https://ubuntu.com/"/>
    <property name="user.timezone" value=""/>
    <property name="java.vm.specification.version" value="11"/>
    <property name="os.name" value="Linux"/>
    <property name="sun.java.launcher" value="SUN_STANDARD"/>
    <property name="user.country" value="IN"/>
    <property name="sun.boot.library.path" value="/usr/lib/jvm/java-11-openjdk-amd64/lib"/>
    <property name="sun.java.command" value="/home/local/ZOHOCORP/maya-con747/eclipse-workspace/DataPrep/target/surefire/surefirebooter6667325157008136451.jar /home/local/ZOHOCORP/maya-con747/eclipse-workspace/DataPrep/target/surefire 2021-09-14T11-44-19_795-jvmRun1 surefire6915787176591293591tmp surefire_018376660715466705361tmp"/>
    <property name="jdk.debug" value="release"/>
    <property name="surefire.test.class.path" value="/home/local/ZOHOCORP/maya-con747/eclipse-workspace/DataPrep/target/test-classes:/home/local/ZOHOCORP/maya-con747/eclipse-workspace/DataPrep/target/classes:/home/local/ZOHOCORP/maya-con747/.m2/repository/org/testng/testng/6.10/testng-6.10.jar:/home/local/ZOHOCORP/maya-con747/.m2/repository/com/beust/jcommander/1.48/jcommander-1.48.jar:/home/local/ZOHOCORP/maya-con747/.m2/repository/org/seleniumhq/selenium/selenium-java/3.141.59/selenium-java-3.141.59.jar:/home/local/ZOHOCORP/maya-con747/.m2/repository/org/seleniumhq/selenium/selenium-api/3.141.59/selenium-api-3.141.59.jar:/home/local/ZOHOCORP/maya-con747/.m2/repository/org/seleniumhq/selenium/selenium-chrome-driver/3.141.59/selenium-chrome-driver-3.141.59.jar:/home/local/ZOHOCORP/maya-con747/.m2/repository/org/seleniumhq/selenium/selenium-edge-driver/3.141.59/selenium-edge-driver-3.141.59.jar:/home/local/ZOHOCORP/maya-con747/.m2/repository/org/seleniumhq/selenium/selenium-firefox-driver/3.141.59/selenium-firefox-driver-3.141.59.jar:/home/local/ZOHOCORP/maya-con747/.m2/repository/org/seleniumhq/selenium/selenium-ie-driver/3.141.59/selenium-ie-driver-3.141.59.jar:/home/local/ZOHOCORP/maya-con747/.m2/repository/org/seleniumhq/selenium/selenium-opera-driver/3.141.59/selenium-opera-driver-3.141.59.jar:/home/local/ZOHOCORP/maya-con747/.m2/repository/org/seleniumhq/selenium/selenium-remote-driver/3.141.59/selenium-remote-driver-3.141.59.jar:/home/local/ZOHOCORP/maya-con747/.m2/repository/org/seleniumhq/selenium/selenium-safari-driver/3.141.59/selenium-safari-driver-3.141.59.jar:/home/local/ZOHOCORP/maya-con747/.m2/repository/org/seleniumhq/selenium/selenium-support/3.141.59/selenium-support-3.141.59.jar:/home/local/ZOHOCORP/maya-con747/.m2/repository/net/bytebuddy/byte-buddy/1.8.15/byte-buddy-1.8.15.jar:/home/local/ZOHOCORP/maya-con747/.m2/repository/org/apache/commons/commons-exec/1.3/commons-exec-1.3.jar:/home/local/ZOHOCORP/maya-con747/.m2/repository/com/google/guava/guava/25.0-jre/guava-25.0-jre.jar:/home/local/ZOHOCORP/maya-con747/.m2/repository/com/google/code/findbugs/jsr305/1.3.9/jsr305-1.3.9.jar:/home/local/ZOHOCORP/maya-con747/.m2/repository/org/checkerframework/checker-compat-qual/2.0.0/checker-compat-qual-2.0.0.jar:/home/local/ZOHOCORP/maya-con747/.m2/repository/com/google/errorprone/error_prone_annotations/2.1.3/error_prone_annotations-2.1.3.jar:/home/local/ZOHOCORP/maya-con747/.m2/repository/com/google/j2objc/j2objc-annotations/1.1/j2objc-annotations-1.1.jar:/home/local/ZOHOCORP/maya-con747/.m2/repository/org/codehaus/mojo/animal-sniffer-annotations/1.14/animal-sniffer-annotations-1.14.jar:/home/local/ZOHOCORP/maya-con747/.m2/repository/com/squareup/okhttp3/okhttp/3.11.0/okhttp-3.11.0.jar:/home/local/ZOHOCORP/maya-con747/.m2/repository/com/squareup/okio/okio/1.14.0/okio-1.14.0.jar:/home/local/ZOHOCORP/maya-con747/.m2/repository/log4j/log4j/1.2.17/log4j-1.2.17.jar:/home/local/ZOHOCORP/maya-con747/.m2/repository/ru/yandex/qatools/ashot/ashot/1.5.4/ashot-1.5.4.jar:/home/local/ZOHOCORP/maya-con747/.m2/repository/commons-io/commons-io/2.5/commons-io-2.5.jar:/home/local/ZOHOCORP/maya-con747/.m2/repository/com/google/code/gson/gson/2.6.2/gson-2.6.2.jar:/home/local/ZOHOCORP/maya-con747/.m2/repository/org/hamcrest/hamcrest-core/1.3/hamcrest-core-1.3.jar:"/>
    <property name="sun.cpu.endian" value="little"/>
    <property name="user.home" value="/home/local/ZOHOCORP/maya-con747"/>
    <property name="user.language" value="en"/>
    <property name="java.specification.vendor" value="Oracle Corporation"/>
    <property name="java.version.date" value="2021-04-20"/>
    <property name="java.home" value="/usr/lib/jvm/java-11-openjdk-amd64"/>
    <property name="file.separator" value="/"/>
    <property name="basedir" value="/home/local/ZOHOCORP/maya-con747/eclipse-workspace/DataPrep"/>
    <property name="java.vm.compressedOopsMode" value="Zero based"/>
    <property name="line.separator" value="&#10;"/>
    <property name="java.specification.name" value="Java Platform API Specification"/>
    <property name="java.vm.specification.vendor" value="Oracle Corporation"/>
    <property name="java.awt.graphicsenv" value="sun.awt.X11GraphicsEnvironment"/>
    <property name="surefire.real.class.path" value="/home/local/ZOHOCORP/maya-con747/eclipse-workspace/DataPrep/target/surefire/surefirebooter6667325157008136451.jar"/>
    <property name="sun.management.compiler" value="HotSpot 64-Bit Tiered Compilers"/>
    <property name="java.runtime.version" value="11.0.11+9-Ubuntu-0ubuntu2.18.04"/>
    <property name="user.name" value="maya-con747"/>
    <property name="path.separator" value=":"/>
    <property name="os.version" value="5.4.0-77-generic"/>
    <property name="java.runtime.name" value="OpenJDK Runtime Environment"/>
    <property name="file.encoding" value="UTF-8"/>
    <property name="java.vm.name" value="OpenJDK 64-Bit Server VM"/>
    <property name="localRepository" value="/home/local/ZOHOCORP/maya-con747/.m2/repository"/>
    <property name="java.vendor.url.bug" value="https://bugs.launchpad.net/ubuntu/+source/openjdk-lts"/>
    <property name="java.io.tmpdir" value="/tmp"/>
    <property name="java.version" value="11.0.11"/>
    <property name="user.dir" value="/home/local/ZOHOCORP/maya-con747/eclipse-workspace/DataPrep"/>
    <property name="os.arch" value="amd64"/>
    <property name="java.vm.specification.name" value="Java Virtual Machine Specification"/>
    <property name="java.awt.printerjob" value="sun.print.PSPrinterJob"/>
    <property name="sun.os.patch.level" value="unknown"/>
    <property name="java.library.path" value="/usr/java/packages/lib:/usr/lib/x86_64-linux-gnu/jni:/lib/x86_64-linux-gnu:/usr/lib/x86_64-linux-gnu:/usr/lib/jni:/lib:/usr/lib"/>
    <property name="java.vm.info" value="mixed mode, sharing"/>
    <property name="java.vendor" value="Ubuntu"/>
    <property name="java.vm.version" value="11.0.11+9-Ubuntu-0ubuntu2.18.04"/>
    <property name="sun.io.unicode.encoding" value="UnicodeLittle"/>
    <property name="java.class.version" value="55.0"/>
  </properties>
</testsuite>