<?xml version="1.0" encoding="UTF-8"?>
<!-- Generated by org.testng.reporters.JUnitReportReporter -->
<testsuite ignored="6" hostname="maya-con747" failures="0" tests="1" name="testCases.Login" time="1.042" errors="0" timestamp="13 Jul 2021 12:35:22 GMT" skipped="0">
  <testcase classname="testCases.Login" name="verfiyLogin" time="1.042"/>
  <testcase classname="commonFunctions.CommonFunctions" name="tearDown">
    <skipped/>
  </testcase> <!-- tearDown -->
  <testcase classname="commonFunctions.CommonFunctions" name="tearDown">
    <skipped/>
  </testcase> <!-- tearDown -->
  <testcase classname="commonFunctions.CommonFunctions" name="tearDown">
    <skipped/>
  </testcase> <!-- tearDown -->
  <testcase classname="commonFunctions.CommonFunctions" name="launchBrowser">
    <skipped/>
  </testcase> <!-- launchBrowser -->
  <testcase classname="commonFunctions.CommonFunctions" name="launchBrowser">
    <skipped/>
  </testcase> <!-- launchBrowser -->
  <testcase classname="commonFunctions.CommonFunctions" name="launchBrowser">
    <skipped/>
  </testcase> <!-- launchBrowser -->
</testsuite> <!-- testCases.Login -->
