<?xml version="1.0" encoding="UTF-8"?>
<!-- Generated by org.testng.reporters.JUnitReportReporter -->
<testsuite ignored="4" hostname="maya-con747" failures="0" tests="1" name="DataPrep.DataPrep.AppTest" time="0.008" errors="0" timestamp="12 Jul 2021 07:14:11 GMT" skipped="0">
  <testcase classname="DataPrep.DataPrep.AppTest" name="shouldAnswerWithTrue" time="0.008"/>
  <testcase classname="commonFunctions.CommonFunctions" name="tearDown">
    <skipped/>
  </testcase> <!-- tearDown -->
  <testcase classname="commonFunctions.CommonFunctions" name="tearDown">
    <skipped/>
  </testcase> <!-- tearDown -->
  <testcase classname="commonFunctions.CommonFunctions" name="launchBrowser">
    <skipped/>
  </testcase> <!-- launchBrowser -->
  <testcase classname="commonFunctions.CommonFunctions" name="launchBrowser">
    <skipped/>
  </testcase> <!-- launchBrowser -->
</testsuite> <!-- DataPrep.DataPrep.AppTest -->
